{"numFailedTestSuites":0,"numFailedTests":0,"numPassedTestSuites":1,"numPassedTests":3,"numPendingTestSuites":0,"numPendingTests":0,"numRuntimeErrorTestSuites":0,"numTodoTests":0,"numTotalTestSuites":1,"numTotalTests":3,"openHandles":[],"snapshot":{"added":0,"didUpdate":false,"failure":false,"filesAdded":0,"filesRemoved":0,"filesRemovedList":[],"filesUnmatched":0,"filesUpdated":0,"matched":0,"total":0,"unchecked":0,"uncheckedKeysByFile":[],"unmatched":0,"updated":0},"startTime":1581999257274,"success":true,"testResults":[{"assertionResults":[{"ancestorTitles":[],"failureMessages":[],"fullName":"should render ButtonComponent Component","location":null,"status":"passed","title":"should render ButtonComponent Component"},{"ancestorTitles":[],"failureMessages":[],"fullName":"Should render properly when ShawDom is false","location":null,"status":"passed","title":"Should render properly when ShawDom is false"},{"ancestorTitles":[],"failureMessages":[],"fullName":"Should render properly when ShawDom is true","location":null,"status":"passed","title":"Should render properly when ShawDom is true"}],"endTime":1581999258686,"message":"","name":"/Users/z231121/digital/ui-arch/poc/web-components/ui-toolkit/src/components/button/button.spec.ts","startTime":1581999257322,"status":"passed","summary":""}],"wasInterrupted":false}